% mean class accuracy (train set)	
 9.9596e+01	
 9.9614e+01	
 9.9619e+01	
 9.9648e+01	
 9.9674e+01	
 9.9684e+01	
 9.9698e+01	
 9.9705e+01	
 9.9731e+01	
 9.9750e+01	
 9.9760e+01	
 9.9768e+01	
 9.9780e+01	
 9.9803e+01	
 9.9810e+01	
 9.9823e+01	
 9.9825e+01	
 9.9835e+01	
 9.9848e+01	
 9.9851e+01	
 9.9851e+01	
 9.9890e+01	
 9.9888e+01	
 9.9866e+01	
 9.9888e+01	
 9.9891e+01	
 9.9900e+01	
 9.9915e+01	
 9.9900e+01	
 9.9913e+01	
 9.9928e+01	
 9.9932e+01	
 9.9923e+01	
 9.9937e+01	
 9.9933e+01	
 9.9947e+01	
 9.9942e+01	
 9.9942e+01	
 9.9945e+01	
 9.9955e+01	
 9.9953e+01	
 9.9955e+01	
 9.9960e+01	
 9.9960e+01	
 9.9958e+01	
 9.9965e+01	
 9.9968e+01	
 9.9965e+01	
 9.9967e+01	
 9.9965e+01	
